<?xml version="1.0" encoding="UTF-8"?>
<testng-results ignored="0" total="1" passed="1" failed="0" skipped="0">
  <reporter-output>
  </reporter-output>
  <suite started-at="2022-03-20T14:37:47 IST" name="Default suite" finished-at="2022-03-20T14:37:48 IST" duration-ms="1747">
    <groups>
    </groups>
    <test started-at="2022-03-20T14:37:47 IST" name="Default test" finished-at="2022-03-20T14:37:48 IST" duration-ms="1747">
      <class name="MockJsonTest.TestngSumValidation">
        <test-method signature="sumOfCourses()[pri:0, instance:MockJsonTest.TestngSumValidation@5bfa9431]" started-at="2022-03-20T14:37:47 IST" name="sumOfCourses" finished-at="2022-03-20T14:37:48 IST" duration-ms="1674" status="PASS">
          <reporter-output>
          </reporter-output>
        </test-method> <!-- sumOfCourses -->
      </class> <!-- MockJsonTest.TestngSumValidation -->
    </test> <!-- Default test -->
  </suite> <!-- Default suite -->
</testng-results>
