<?xml version="1.0" encoding="UTF-8"?>
<!-- Generated by org.testng.reporters.JUnitXMLReporter -->
<testsuite ignored="3" hostname="DESKTOP-RRR4LHT" failures="0" tests="1" name="Default test" time="7.863" errors="0" timestamp="2022-03-09T17:54:42 IST">
  <testcase classname="SeleniumTest1.GoogleSearchJunitTest" name="testInChrome" time="7.814"/>
  <testcase classname="SeleniumTest1.GoogleSearchJunitTest" name="testInFirefox" time="0.0">
    <ignored/>
  </testcase> <!-- testInFirefox -->
  <testcase classname="SeleniumTest1.GoogleSearchJunitTest" name="testInEdge" time="0.0">
    <ignored/>
  </testcase> <!-- testInEdge -->
  <testcase classname="SeleniumTest1.GoogleSearchJunitTest" name="testInIE" time="0.0">
    <ignored/>
  </testcase> <!-- testInIE -->
</testsuite> <!-- Default test -->
