<?xml version="1.0" encoding="UTF-8"?>
<testng-results ignored="3" total="4" passed="1" failed="0" skipped="0">
  <reporter-output>
  </reporter-output>
  <suite started-at="2022-03-09T17:54:34 IST" name="Default suite" finished-at="2022-03-09T17:54:42 IST" duration-ms="7863">
    <groups>
    </groups>
    <test started-at="2022-03-09T17:54:34 IST" name="Default test" finished-at="2022-03-09T17:54:42 IST" duration-ms="7863">
      <class name="SeleniumTest1.GoogleSearchJunitTest">
        <test-method signature="testInChrome()[pri:0, instance:SeleniumTest1.GoogleSearchJunitTest@647e447]" started-at="2022-03-09T17:54:34 IST" name="testInChrome" finished-at="2022-03-09T17:54:42 IST" duration-ms="7814" status="PASS">
          <reporter-output>
          </reporter-output>
        </test-method> <!-- testInChrome -->
      </class> <!-- SeleniumTest1.GoogleSearchJunitTest -->
    </test> <!-- Default test -->
  </suite> <!-- Default suite -->
</testng-results>
